TN:
SF:src\streamComponents\csvtondjson.js
FN:6,<instance_members_initializer>
FN:11,CSVToNDJSON
FN:17,#updateBuffer
FN:57,_transform
FN:65,_final
FNF:5
FNH:5
FNDA:3,<instance_members_initializer>
FNDA:3,CSVToNDJSON
FNDA:4,#updateBuffer
FNDA:3,_transform
FNDA:3,_final
DA:1,1
DA:2,1
DA:3,1
DA:4,1
DA:5,1
DA:6,1
DA:7,3
DA:8,3
DA:9,3
DA:10,3
DA:11,3
DA:12,3
DA:13,3
DA:14,3
DA:15,3
DA:16,3
DA:17,3
DA:18,4
DA:19,4
DA:20,4
DA:21,4
DA:22,4
DA:23,4
DA:24,4
DA:25,4
DA:26,4
DA:27,4
DA:28,15
DA:29,15
DA:30,11
DA:31,11
DA:32,11
DA:33,11
DA:34,11
DA:35,11
DA:36,15
DA:37,7
DA:38,7
DA:39,7
DA:40,7
DA:41,15
DA:42,15
DA:43,15
DA:44,15
DA:45,12
DA:46,12
DA:47,12
DA:48,7
DA:49,15
DA:50,4
DA:51,4
DA:52,4
DA:53,4
DA:54,4
DA:55,4
DA:56,3
DA:57,3
DA:58,3
DA:59,3
DA:60,3
DA:61,3
DA:62,3
DA:63,3
DA:64,3
DA:65,3
DA:66,3
DA:67,1
DA:68,1
DA:69,1
DA:70,1
DA:71,1
DA:72,1
DA:73,3
LF:73
LH:73
BRDA:6,0,0,3
BRDA:11,1,0,3
BRDA:17,2,0,4
BRDA:27,3,0,15
BRDA:29,4,0,4
BRDA:29,5,0,11
BRDA:36,6,0,4
BRDA:36,7,0,7
BRDA:44,8,0,3
BRDA:44,9,0,12
BRDA:47,10,0,7
BRDA:49,11,0,3
BRDA:49,12,0,4
BRDA:57,13,0,3
BRDA:65,14,0,3
BRDA:66,15,0,2
BRDA:66,16,0,1
BRF:17
BRH:17
end_of_record
